<?xml version="1.0" encoding="UTF-8"?>
<!-- Generated by org.testng.reporters.JUnitReportReporter -->
<testsuite hostname="Angel-PC" failures="0" tests="4" name="interviewExercise.liverpool.NewTest" time="14.423" errors="0" timestamp="2021-12-02T00:40:22 CST" skipped="0">
  <testcase classname="interviewExercise.liverpool.NewTest" name="closeRegionPopUp" time="1.739"/>
  <system-out/>
  <testcase classname="interviewExercise.liverpool.NewTest" name="searchForProduct" time="2.137"/>
  <system-out/>
  <testcase classname="interviewExercise.liverpool.NewTest" name="selectResult" time="1.781"/>
  <system-out/>
  <testcase classname="interviewExercise.liverpool.NewTest" name="addToCart" time="8.766"/>
  <system-out/>
</testsuite> <!-- interviewExercise.liverpool.NewTest -->
