<?xml version="1.0" encoding="UTF-8"?>
<!-- Generated by org.testng.reporters.JUnitReportReporter -->
<testsuite hostname="Angel-PC" failures="0" tests="7" name="interviewExercise.liverpool.TestCase2" time="20.344" errors="0" timestamp="2021-12-08T18:36:52 CST" skipped="0">
  <testcase classname="interviewExercise.liverpool.TestCase2" name="closeRegionPopUp" time="2.268"/>
  <system-out/>
  <testcase classname="interviewExercise.liverpool.TestCase2" name="searchForProduct" time="1.883"/>
  <system-out/>
  <testcase classname="interviewExercise.liverpool.TestCase2" name="selectResult" time="1.695"/>
  <system-out/>
  <testcase classname="interviewExercise.liverpool.TestCase2" name="addToCart" time="5.804"/>
  <system-out/>
  <testcase classname="interviewExercise.liverpool.TestCase2" name="goToBag" time="4.264"/>
  <system-out/>
  <testcase classname="interviewExercise.liverpool.TestCase2" name="buy" time="0.160"/>
  <system-out/>
  <testcase classname="interviewExercise.liverpool.TestCase2" name="validateLogin" time="4.270"/>
  <system-out/>
</testsuite> <!-- interviewExercise.liverpool.TestCase2 -->
