<?xml version="1.0" encoding="UTF-8"?>
<!-- Generated by org.testng.reporters.JUnitReportReporter -->
<testsuite hostname="Angel-PC" failures="0" tests="6" name="interviewExercise.liverpool.TestCase1" time="15.620" errors="0" timestamp="2021-12-08T18:36:52 CST" skipped="0">
  <testcase classname="interviewExercise.liverpool.TestCase1" name="closeRegionPopUp" time="1.795"/>
  <system-out/>
  <testcase classname="interviewExercise.liverpool.TestCase1" name="searchForProduct" time="2.032"/>
  <system-out/>
  <testcase classname="interviewExercise.liverpool.TestCase1" name="selectResult" time="1.862"/>
  <system-out/>
  <testcase classname="interviewExercise.liverpool.TestCase1" name="addToCart" time="5.850"/>
  <system-out/>
  <testcase classname="interviewExercise.liverpool.TestCase1" name="goToBag" time="3.871"/>
  <system-out/>
  <testcase classname="interviewExercise.liverpool.TestCase1" name="validatePrices" time="0.210"/>
  <system-out/>
</testsuite> <!-- interviewExercise.liverpool.TestCase1 -->
