<?xml version="1.0" encoding="UTF-8"?>
<!-- Generated by org.testng.reporters.JUnitReportReporter -->
<testsuite hostname="Angel-PC" failures="0" tests="4" name="interviewExercise.liverpool.TestExecution" time="15.084" errors="0" timestamp="2021-12-02T00:40:22 CST" skipped="0">
  <testcase classname="interviewExercise.liverpool.TestExecution" name="closeRegionPopUp" time="1.757"/>
  <system-out/>
  <testcase classname="interviewExercise.liverpool.TestExecution" name="searchForProduct" time="2.605"/>
  <system-out/>
  <testcase classname="interviewExercise.liverpool.TestExecution" name="selectResult" time="1.898"/>
  <system-out/>
  <testcase classname="interviewExercise.liverpool.TestExecution" name="addToCart" time="8.824"/>
  <system-out/>
</testsuite> <!-- interviewExercise.liverpool.TestExecution -->
