<?xml version="1.0" encoding="UTF-8"?>
<!-- Generated by org.testng.reporters.JUnitReportReporter -->
<testsuite hostname="Angel-PC" failures="0" tests="6" name="interviewExercise.liverpool.TestCase3" time="17.887" errors="0" timestamp="2021-12-08T18:36:52 CST" skipped="0">
  <testcase classname="interviewExercise.liverpool.TestCase3" name="closeRegionPopUp" time="1.854"/>
  <system-out/>
  <testcase classname="interviewExercise.liverpool.TestCase3" name="searchForProduct" time="2.330"/>
  <system-out/>
  <testcase classname="interviewExercise.liverpool.TestCase3" name="selectResult" time="1.926"/>
  <system-out/>
  <testcase classname="interviewExercise.liverpool.TestCase3" name="addToCart" time="5.746"/>
  <system-out/>
  <testcase classname="interviewExercise.liverpool.TestCase3" name="goToBag" time="5.157"/>
  <system-out/>
  <testcase classname="interviewExercise.liverpool.TestCase3" name="validateDropItem" time="0.874"/>
  <system-out/>
</testsuite> <!-- interviewExercise.liverpool.TestCase3 -->
